#
# A fatal error has been detected by the Java Runtime Environment:
#
#  Internal Error (javaClasses.cpp:129), pid=8076, tid=3768
#  fatal error: Invalid layout of preloaded class
#
# JRE version: 7.0_17-b02
# Java VM: Java HotSpot(TM) 64-Bit Server VM (23.7-b01 mixed mode windows-amd64 compressed oops)
# Failed to write core dump. Minidumps are not enabled by default on client versions of Windows
#
# If you would like to submit a bug report, please visit:
#   http://bugreport.sun.com/bugreport/crash.jsp
#

---------------  T H R E A D  ---------------

Current thread (0x0000000001d4d800):  JavaThread "Unknown thread" [_thread_in_vm, id=3768, stack(0x0000000001d70000,0x0000000001e70000)]

Stack: [0x0000000001d70000,0x0000000001e70000]

---------------  P R O C E S S  ---------------

Java Threads: ( => current thread )

Other Threads:

=>0x0000000001d4d800 (exited) JavaThread "Unknown thread" [_thread_in_vm, id=3768, stack(0x0000000001d70000,0x0000000001e70000)]

VM state:not at safepoint (not fully initialized)

VM Mutex/Monitor currently owned by a thread: None

GC Heap History (0 events):
No events

Deoptimization events (0 events):
No events

Internal exceptions (0 events):
No events

Events (10 events):
Event: 0.022 loading class 0x0000000001eb8370 done
Event: 0.022 loading class 0x0000000001e803c0 done
Event: 0.022 loading class 0x0000000001e80210
Event: 0.023 loading class 0x0000000001ebf680
Event: 0.023 loading class 0x0000000001ebf680 done
Event: 0.023 loading class 0x0000000001ebf6c0
Event: 0.023 loading class 0x0000000001ebf6c0 done
Event: 0.023 loading class 0x00000000081dcf60
Event: 0.023 loading class 0x00000000081dcf60 done
Event: 0.023 loading class 0x0000000001e80210 done


Dynamic libraries:
0x000007f6e1d20000 - 0x000007f6e1d53000 	C:\Program Files\Java\jre7\bin\javaw.exe
0x000007ff2cec0000 - 0x000007ff2d07e000 	C:\WINDOWS\SYSTEM32\ntdll.dll
0x000007ff2c390000 - 0x000007ff2c4c6000 	C:\WINDOWS\system32\KERNEL32.DLL
0x000007ff2a170000 - 0x000007ff2a263000 	C:\WINDOWS\system32\KERNELBASE.dll
0x000007ff2c0f0000 - 0x000007ff2c1ce000 	C:\WINDOWS\system32\ADVAPI32.dll
0x000007ff2b790000 - 0x000007ff2b8dc000 	C:\WINDOWS\system32\USER32.dll
0x000007ff25df0000 - 0x000007ff26059000 	C:\WINDOWS\WinSxS\amd64_microsoft.windows.common-controls_6595b64144ccf1df_6.0.9200.16384_none_418c2a697189c07f\COMCTL32.dll
0x000007ff2be90000 - 0x000007ff2bf35000 	C:\WINDOWS\system32\msvcrt.dll
0x000007ff2b700000 - 0x000007ff2b748000 	C:\WINDOWS\SYSTEM32\sechost.dll
0x000007ff2c6c0000 - 0x000007ff2c800000 	C:\WINDOWS\system32\RPCRT4.dll
0x000007ff2b5c0000 - 0x000007ff2b700000 	C:\WINDOWS\system32\GDI32.dll
0x000007ff2b750000 - 0x000007ff2b789000 	C:\WINDOWS\system32\IMM32.DLL
0x000007ff2c270000 - 0x000007ff2c385000 	C:\WINDOWS\system32\MSCTF.dll
0x000000005ecc0000 - 0x000000005ed91000 	C:\Program Files\Java\jre7\bin\msvcr100.dll
0x000000005e5a0000 - 0x000000005ecbf000 	C:\Program Files\Java\jre7\bin\server\jvm.dll
0x000007ff254f0000 - 0x000007ff254f9000 	C:\WINDOWS\SYSTEM32\WSOCK32.dll
0x000007ff1eec0000 - 0x000007ff1eee0000 	C:\WINDOWS\SYSTEM32\WINMM.dll
0x000007ff2b8e0000 - 0x000007ff2b8e7000 	C:\WINDOWS\system32\PSAPI.DLL
0x000007ff2b8f0000 - 0x000007ff2b948000 	C:\WINDOWS\system32\WS2_32.dll
0x000007ff1ee80000 - 0x000007ff1eeb2000 	C:\WINDOWS\SYSTEM32\WINMMBASE.dll
0x000007ff2ceb0000 - 0x000007ff2ceb9000 	C:\WINDOWS\system32\NSI.dll
0x000000005e590000 - 0x000000005e59f000 	C:\Program Files\Java\jre7\bin\verify.dll
0x000000005e560000 - 0x000000005e588000 	C:\Program Files\Java\jre7\bin\java.dll
0x000000005e540000 - 0x000000005e555000 	C:\Program Files\Java\jre7\bin\zip.dll

VM Arguments:
jvm_args: -Dfile.encoding=Cp1252 -Xbootclasspath:D:\Developer Tools\adt-bundle-windows-x86_64-20130219\adt-bundle-windows-x86_64-20130219\sdk\platforms\android-17\android.jar 
java_command: com.codepalette.ceeq.DataSupport
Launcher Type: SUN_STANDARD

Environment Variables:
JAVA_HOME=C:\Program Files\Java\jdk1.7.0\bin
JRE_HOME=C:\Program Files\Java\jre7
CLASSPATH=.;
PATH=C:\Program Files (x86)\AMD APP\bin\x86_64;C:\Program Files (x86)\AMD APP\bin\x86;C:\WINDOWS\system32;C:\WINDOWS;C:\WINDOWS\System32\Wbem;C:\WINDOWS\System32\WindowsPowerShell\v1.0\;C:\Program Files (x86)\ATI Technologies\ATI.ACE\Core-Static;D:\MinGW\bin;D:\wamp\bin\apache\apache2.4.2\bin;D:\wamp\bin\mysql\mysql5.5.24\bin;D:\wamp\bin\tomcat\apache-tomcat-7.0.28\bin;C:\Program Files\Java\jdk1.7.0\bin;C:\Program Files (x86)\Windows Kits\8.0\Windows Performance Toolkit\
USERNAME=Lucky
OS=Windows_NT
PROCESSOR_IDENTIFIER=Intel64 Family 6 Model 42 Stepping 7, GenuineIntel



---------------  S Y S T E M  ---------------

OS: Windows 8 , 64 bit Build 9200 

CPU:total 4 (2 cores per cpu, 2 threads per core) family 6 model 42 stepping 7, cmov, cx8, fxsr, mmx, sse, sse2, sse3, ssse3, sse4.1, sse4.2, popcnt, avx, ht, tsc, tscinvbit

Memory: 4k page, physical 4086488k(1172916k free), swap 8280792k(2929208k free)

vm_info: Java HotSpot(TM) 64-Bit Server VM (23.7-b01) for windows-amd64 JRE (1.7.0_17-b02), built on Mar  1 2013 03:38:30 by "java_re" with unknown MS VC++:1600

time: Tue Apr 23 16:28:49 2013
elapsed time: 0 seconds

